<?xml version="1.0" encoding="UTF-8"?>
<testsuites>
  <testsuite name="CodeIgniter Application Test Suite" tests="3" assertions="3" failures="0" errors="0" time="0.003987">
    <testsuite name="Welcome_test" file="/var/www/html/codeigniter/application/tests/controllers/Welcome_test.php" tests="3" assertions="3" failures="0" errors="0" time="0.003987">
      <testcase name="test_index" class="Welcome_test" file="/var/www/html/codeigniter/application/tests/controllers/Welcome_test.php" line="13" assertions="1" time="0.002218"/>
      <testcase name="test_method_404" class="Welcome_test" file="/var/www/html/codeigniter/application/tests/controllers/Welcome_test.php" line="19" assertions="1" time="0.001363"/>
      <testcase name="test_APPPATH" class="Welcome_test" file="/var/www/html/codeigniter/application/tests/controllers/Welcome_test.php" line="25" assertions="1" time="0.000406"/>
    </testsuite>
  </testsuite>
</testsuites>
